[    0.000000] Linux version 4.15.0-212-generic (buildd@lcy02-amd64-083) (gcc version 7.5.0 (Ubuntu 7.5.0-3ubuntu1~18.04)) #223-Ubuntu SMP Tue May 23 13:09:22 UTC 2023 (Ubuntu 4.15.0-212.223-generic 4.15.18)
[    0.000000] Command line: BOOT_IMAGE=/boot/vmlinuz-4.15.0-212-generic root=LABEL=cloudimg-rootfs ro console=tty1 console=ttyS0
[    0.000000] KERNEL supported cpus:
[    0.000000]   Intel GenuineIntel
[    0.000000]   AMD AuthenticAMD
[    0.000000]   Centaur CentaurHauls
[    0.000000] x86/fpu: Supporting XSAVE feature 0x001: 'x87 floating point registers'
[    0.000000] x86/fpu: Supporting XSAVE feature 0x002: 'SSE registers'
[    0.000000] x86/fpu: Supporting XSAVE feature 0x004: 'AVX registers'
[    0.000000] x86/fpu: xstate_offset[2]:  576, xstate_sizes[2]:  256
[    0.000000] x86/fpu: Enabled xstate features 0x7, context size is 832 bytes, using 'standard' format.
[    0.000000] e820: BIOS-provided physical RAM map:
[    0.000000] BIOS-e820: [mem 0x0000000000000000-0x000000000009fbff] usable
[    0.000000] BIOS-e820: [mem 0x000000000009fc00-0x000000000009ffff] reserved
[    0.000000] BIOS-e820: [mem 0x00000000000f0000-0x00000000000fffff] reserved
[    0.000000] BIOS-e820: [mem 0x0000000000100000-0x000000003ffeffff] usable
[    0.000000] BIOS-e820: [mem 0x000000003fff0000-0x000000003fffffff] ACPI data
[    0.000000] BIOS-e820: [mem 0x00000000fec00000-0x00000000fec00fff] reserved
[    0.000000] BIOS-e820: [mem 0x00000000fee00000-0x00000000fee00fff] reserved
[    0.000000] BIOS-e820: [mem 0x00000000fffc0000-0x00000000ffffffff] reserved
[    0.000000] NX (Execute Disable) protection: active
[    0.000000] SMBIOS 2.5 present.
[    0.000000] DMI: innotek GmbH VirtualBox/VirtualBox, BIOS VirtualBox 12/01/2006
[    0.000000] Hypervisor detected: KVM
[    0.000000] e820: last_pfn = 0x3fff0 max_arch_pfn = 0x400000000
[    0.000000] MTRR: Disabled
[    0.000000] x86/PAT: MTRRs disabled, skipping PAT initialization too.
[    0.000000] CPU MTRRs all blank - virtualized system.
[    0.000000] x86/PAT: Configuration [0-7]: WB  WT  UC- UC  WB  WT  UC- UC  
[    0.000000] found SMP MP-table at [mem 0x0009fff0-0x0009ffff]
[    0.000000] Scanning 1 areas for low memory corruption
[    0.000000] RAMDISK: [mem 0x359cb000-0x36cdcfff]
[    0.000000] ACPI: Early table checksum verification disabled
[    0.000000] ACPI: RSDP 0x00000000000E0000 000024 (v02 VBOX  )
[    0.000000] ACPI: XSDT 0x000000003FFF0030 00003C (v01 VBOX   VBOXXSDT 00000001 ASL  00000061)
[    0.000000] ACPI: FACP 0x000000003FFF00F0 0000F4 (v04 VBOX   VBOXFACP 00000001 ASL  00000061)
[    0.000000] ACPI: DSDT 0x000000003FFF0610 002353 (v02 VBOX   VBOXBIOS 00000002 INTL 20230628)
[    0.000000] ACPI: FACS 0x000000003FFF0200 000040
[    0.000000] ACPI: FACS 0x000000003FFF0200 000040
[    0.000000] ACPI: APIC 0x000000003FFF0240 000054 (v02 VBOX   VBOXAPIC 00000001 ASL  00000061)
[    0.000000] ACPI: SSDT 0x000000003FFF02A0 00036C (v01 VBOX   VBOXCPUT 00000002 INTL 20230628)
[    0.000000] ACPI: Reserving FACP table memory at [mem 0x3fff00f0-0x3fff01e3]
[    0.000000] ACPI: Reserving DSDT table memory at [mem 0x3fff0610-0x3fff2962]
[    0.000000] ACPI: Reserving FACS table memory at [mem 0x3fff0200-0x3fff023f]
[    0.000000] ACPI: Reserving FACS table memory at [mem 0x3fff0200-0x3fff023f]
[    0.000000] ACPI: Reserving APIC table memory at [mem 0x3fff0240-0x3fff0293]
[    0.000000] ACPI: Reserving SSDT table memory at [mem 0x3fff02a0-0x3fff060b]
[    0.000000] No NUMA configuration found
[    0.000000] Faking a node at [mem 0x0000000000000000-0x000000003ffeffff]
[    0.000000] NODE_DATA(0) allocated [mem 0x3ffc5000-0x3ffeffff]
[    0.000000] kvm-clock: cpu 0, msr 0:3ff44001, primary cpu clock
[    0.000000] kvm-clock: Using msrs 4b564d01 and 4b564d00
[    0.000000] kvm-clock: using sched offset of 3757752437 cycles
[    0.000000] clocksource: kvm-clock: mask: 0xffffffffffffffff max_cycles: 0x1cd42e4dffb, max_idle_ns: 881590591483 ns
[    0.000000] Zone ranges:
[    0.000000]   DMA      [mem 0x0000000000001000-0x0000000000ffffff]
[    0.000000]   DMA32    [mem 0x0000000001000000-0x000000003ffeffff]
[    0.000000]   Normal   empty
[    0.000000]   Device   empty
[    0.000000] Movable zone start for each node
[    0.000000] Early memory node ranges
[    0.000000]   node   0: [mem 0x0000000000001000-0x000000000009efff]
[    0.000000]   node   0: [mem 0x0000000000100000-0x000000003ffeffff]
[    0.000000] Reserved but unavailable: 104 pages
[    0.000000] Initmem setup node 0 [mem 0x0000000000001000-0x000000003ffeffff]
[    0.000000] ACPI: PM-Timer IO Port: 0x4008
[    0.000000] IOAPIC[0]: apic_id 1, version 32, address 0xfec00000, GSI 0-23
[    0.000000] ACPI: INT_SRC_OVR (bus 0 bus_irq 0 global_irq 2 dfl dfl)
[    0.000000] ACPI: INT_SRC_OVR (bus 0 bus_irq 9 global_irq 9 low level)
[    0.000000] Using ACPI (MADT) for SMP configuration information
[    0.000000] smpboot: Allowing 1 CPUs, 0 hotplug CPUs
[    0.000000] PM: Registered nosave memory: [mem 0x00000000-0x00000fff]
[    0.000000] PM: Registered nosave memory: [mem 0x0009f000-0x0009ffff]
[    0.000000] PM: Registered nosave memory: [mem 0x000a0000-0x000effff]
[    0.000000] PM: Registered nosave memory: [mem 0x000f0000-0x000fffff]
[    0.000000] e820: [mem 0x40000000-0xfebfffff] available for PCI devices
[    0.000000] Booting paravirtualized kernel on KVM
[    0.000000] clocksource: refined-jiffies: mask: 0xffffffff max_cycles: 0xffffffff, max_idle_ns: 7645519600211568 ns
[    0.000000] setup_percpu: NR_CPUS:8192 nr_cpumask_bits:1 nr_cpu_ids:1 nr_node_ids:1
[    0.000000] percpu: Embedded 50 pages/cpu s167936 r8192 d28672 u2097152
[    0.000000] PV qspinlock hash table entries: 256 (order: 0, 4096 bytes)
[    0.000000] Built 1 zonelists, mobility grouping on.  Total pages: 257913
[    0.000000] Policy zone: DMA32
[    0.000000] Kernel command line: BOOT_IMAGE=/boot/vmlinuz-4.15.0-212-generic root=LABEL=cloudimg-rootfs ro console=tty1 console=ttyS0
[    0.000000] Memory: 982844K/1048120K available (12300K kernel code, 2477K rwdata, 4324K rodata, 2480K init, 2720K bss, 65276K reserved, 0K cma-reserved)
[    0.000000] SLUB: HWalign=64, Order=0-3, MinObjects=0, CPUs=1, Nodes=1
[    0.000000] Kernel/User page tables isolation: enabled
[    0.000000] ftrace: allocating 39508 entries in 155 pages
[    0.004000] Hierarchical RCU implementation.
[    0.004000] 	RCU restricting CPUs from NR_CPUS=8192 to nr_cpu_ids=1.
[    0.004000] 	Tasks RCU enabled.
[    0.004000] RCU: Adjusting geometry for rcu_fanout_leaf=16, nr_cpu_ids=1
[    0.004000] NR_IRQS: 524544, nr_irqs: 256, preallocated irqs: 16
[    0.004000] random: crng init done
[    0.004000] Console: colour VGA+ 80x25
[    0.004000] console [tty1] enabled
[    0.004000] console [ttyS0] enabled
[    0.004000] ACPI: Core revision 20170831
[    0.004000] ACPI: 2 ACPI AML tables successfully acquired and loaded
[    0.004000] APIC: Switch to symmetric I/O mode setup
[    0.004000] x2apic enabled
[    0.004042] Switched APIC routing to physical x2apic.
[    0.012000] ..TIMER: vector=0x30 apic1=0 pin1=2 apic2=-1 pin2=-1
[    0.012020] tsc: Detected 2903.986 MHz processor
[    0.016008] Calibrating delay loop (skipped) preset value.. 5807.97 BogoMIPS (lpj=11615944)
[    0.020002] pid_max: default: 32768 minimum: 301
[    0.024025] Security Framework initialized
[    0.028002] Yama: becoming mindful.
[    0.032034] AppArmor: AppArmor initialized
[    0.038418] Dentry cache hash table entries: 131072 (order: 8, 1048576 bytes)
[    0.040054] Inode-cache hash table entries: 65536 (order: 7, 524288 bytes)
[    0.044033] Mount-cache hash table entries: 2048 (order: 2, 16384 bytes)
[    0.048004] Mountpoint-cache hash table entries: 2048 (order: 2, 16384 bytes)
[    0.053263] Last level iTLB entries: 4KB 64, 2MB 8, 4MB 8
[    0.056002] Last level dTLB entries: 4KB 64, 2MB 0, 4MB 0, 1GB 4
[    0.060012] Spectre V1 : Mitigation: usercopy/swapgs barriers and __user pointer sanitization
[    0.064002] Spectre V2 : Mitigation: Retpolines
[    0.068002] Spectre V2 : Spectre v2 / SpectreRSB mitigation: Filling RSB on context switch
[    0.072002] Spectre V2 : Spectre v2 / SpectreRSB : Filling RSB on VMEXIT
[    0.076002] RETBleed: WARNING: Spectre v2 mitigation leaves CPU vulnerable to RETBleed attacks, data leaks possible!
[    0.080003] RETBleed: Vulnerable
[    0.084002] Speculative Store Bypass: Vulnerable
[    0.088131] MDS: Mitigation: Clear CPU buffers
[    0.092002] MMIO Stale Data: Mitigation: Clear CPU buffers
[    0.096015] SRBDS: Unknown: Dependent on hypervisor status
[    0.104000] Freeing SMP alternatives memory: 36K
[    0.216004] APIC calibration not consistent with PM-Timer: 103ms instead of 100ms
[    0.220000] APIC delta adjusted to PM-Timer: 6303082 (6500370)
[    0.220213] smpboot: CPU0: Intel(R) Core(TM) i7-10700 CPU @ 2.90GHz (family: 0x6, model: 0xa5, stepping: 0x5)
[    0.224069] Performance Events: unsupported p6 CPU model 165 no PMU driver, software events only.
[    0.228047] Hierarchical SRCU implementation.
[    0.232566] NMI watchdog: Perf event create on CPU 0 failed with -2
[    0.236001] NMI watchdog: Perf NMI watchdog permanently disabled
[    0.240081] smp: Bringing up secondary CPUs ...
[    0.244005] smp: Brought up 1 node, 1 CPU
[    0.248002] smpboot: Max logical packages: 1
[    0.252002] smpboot: Total of 1 processors activated (5807.97 BogoMIPS)
[    0.256227] devtmpfs: initialized
[    0.260063] x86/mm: Memory block size: 128MB
[    0.264198] evm: security.selinux
[    0.268024] evm: security.SMACK64
[    0.272002] evm: security.SMACK64EXEC
[    0.276001] evm: security.SMACK64TRANSMUTE
[    0.280001] evm: security.SMACK64MMAP
[    0.283232] evm: security.apparmor
[    0.284001] evm: security.ima
[    0.288002] evm: security.capability
[    0.292163] clocksource: jiffies: mask: 0xffffffff max_cycles: 0xffffffff, max_idle_ns: 7645041785100000 ns
[    0.296012] futex hash table entries: 256 (order: 2, 16384 bytes)
[    0.300049] pinctrl core: initialized pinctrl subsystem
[    0.308179] RTC time:  7:44:28, date: 08/28/25
[    0.312000] NET: Registered protocol family 16
[    0.312092] audit: initializing netlink subsys (disabled)
[    0.316146] cpuidle: using governor ladder
[    0.320004] audit: type=2000 audit(1756367073.595:1): state=initialized audit_enabled=0 res=1
[    0.324004] cpuidle: using governor menu
[    0.328030] ACPI: bus type PCI registered
[    0.332003] acpiphp: ACPI Hot Plug PCI Controller Driver version: 0.5
[    0.340192] PCI: Using configuration type 1 for base access
[    0.345139] HugeTLB registered 2.00 MiB page size, pre-allocated 0 pages
[    0.349227] ACPI: Added _OSI(Module Device)
[    0.352005] ACPI: Added _OSI(Processor Device)
[    0.356003] ACPI: Added _OSI(3.0 _SCP Extensions)
[    0.360002] ACPI: Added _OSI(Processor Aggregator Device)
[    0.364008] ACPI: Added _OSI(Linux-Dell-Video)
[    0.368012] ACPI: Added _OSI(Linux-Lenovo-NV-HDMI-Audio)
[    0.372002] ACPI: Added _OSI(Linux-HPI-Hybrid-Graphics)
[    0.380769] ACPI: Executed 1 blocks of module-level executable AML code
[    0.390013] ACPI: Interpreter enabled
[    0.392010] ACPI: (supports S0 S5)
[    0.396002] ACPI: Using IOAPIC for interrupt routing
[    0.400399] PCI: Using host bridge windows from ACPI; if necessary, use "pci=nocrs" and report a bug
[    0.404362] ACPI: Enabled 2 GPEs in block 00 to 07
[    0.423150] ACPI: PCI Root Bridge [PCI0] (domain 0000 [bus 00-ff])
[    0.424027] acpi PNP0A03:00: _OSC: OS supports [ASPM ClockPM Segments MSI]
[    0.428726] acpi PNP0A03:00: _OSC: not requesting OS control; OS requires [ExtendedConfig ASPM ClockPM MSI]
[    0.432011] acpi PNP0A03:00: fail to add MMCONFIG information, can't access extended PCI configuration space under this bridge.
[    0.440538] PCI host bridge to bus 0000:00
[    0.444000] pci_bus 0000:00: root bus resource [io  0x0000-0x0cf7 window]
[    0.444004] pci_bus 0000:00: root bus resource [io  0x0d00-0xffff window]
[    0.448022] pci_bus 0000:00: root bus resource [mem 0x000a0000-0x000bffff window]
[    0.452003] pci_bus 0000:00: root bus resource [mem 0x40000000-0xfdffffff window]
[    0.456003] pci_bus 0000:00: root bus resource [bus 00-ff]
[    0.472982] pci 0000:00:01.1: legacy IDE quirk: reg 0x10: [io  0x01f0-0x01f7]
[    0.476003] pci 0000:00:01.1: legacy IDE quirk: reg 0x14: [io  0x03f6]
[    0.480005] pci 0000:00:01.1: legacy IDE quirk: reg 0x18: [io  0x0170-0x0177]
[    0.484005] pci 0000:00:01.1: legacy IDE quirk: reg 0x1c: [io  0x0376]
[    0.533953] pci 0000:00:07.0: quirk: [io  0x4000-0x403f] claimed by PIIX4 ACPI
[    0.536035] pci 0000:00:07.0: quirk: [io  0x4100-0x410f] claimed by PIIX4 SMB
[    0.568017] ACPI: PCI Interrupt Link [LNKA] (IRQs 5 9 10 *11)
[    0.572577] ACPI: PCI Interrupt Link [LNKB] (IRQs 5 9 *10 11)
[    0.580211] ACPI: PCI Interrupt Link [LNKC] (IRQs 5 *9 10 11)
[    0.584202] ACPI: PCI Interrupt Link [LNKD] (IRQs 5 9 10 *11)
[    0.588484] SCSI subsystem initialized
[    0.592154] pci 0000:00:02.0: vgaarb: setting as boot VGA device
[    0.596000] pci 0000:00:02.0: vgaarb: VGA device added: decodes=io+mem,owns=io+mem,locks=none
[    0.596006] pci 0000:00:02.0: vgaarb: bridge control possible
[    0.600002] vgaarb: loaded
[    0.604036] ACPI: bus type USB registered
[    0.608018] usbcore: registered new interface driver usbfs
[    0.612012] usbcore: registered new interface driver hub
[    0.616033] usbcore: registered new device driver usb
[    0.620103] EDAC MC: Ver: 3.0.0
[    0.624897] PCI: Using ACPI for IRQ routing
[    0.632661] NetLabel: Initializing
[    0.635314] NetLabel:  domain hash size = 128
[    0.636002] NetLabel:  protocols = UNLABELED CIPSOv4 CALIPSO
[    0.640041] NetLabel:  unlabeled traffic allowed by default
[    0.644269] clocksource: Switched to clocksource kvm-clock
[    0.653340] VFS: Disk quotas dquot_6.6.0
[    0.667069] VFS: Dquot-cache hash table entries: 512 (order 0, 4096 bytes)
[    0.673934] AppArmor: AppArmor Filesystem Enabled
[    0.678633] pnp: PnP ACPI init
[    0.684440] pnp: PnP ACPI: found 3 devices
[    0.694525] clocksource: acpi_pm: mask: 0xffffff max_cycles: 0xffffff, max_idle_ns: 2085701024 ns
[    0.702939] NET: Registered protocol family 2
[    0.707613] IP idents hash table entries: 16384 (order: 5, 131072 bytes)
[    0.714475] TCP established hash table entries: 8192 (order: 4, 65536 bytes)
[    0.720357] TCP bind hash table entries: 8192 (order: 5, 131072 bytes)
[    0.724306] TCP: Hash tables configured (established 8192 bind 8192)
[    0.732244] UDP hash table entries: 512 (order: 2, 16384 bytes)
[    0.738673] UDP-Lite hash table entries: 512 (order: 2, 16384 bytes)
[    0.744624] NET: Registered protocol family 1
[    0.748558] pci 0000:00:00.0: Limiting direct PCI/PCI transfers
[    0.754852] pci 0000:00:01.0: Activating ISA DMA hang workarounds
[    0.761360] pci 0000:00:02.0: Video device with shadowed ROM at [mem 0x000c0000-0x000dffff]
[    0.770435] Unpacking initramfs...
[    0.906217] Freeing initrd memory: 19528K
[    1.127079] clocksource: tsc: mask: 0xffffffffffffffff max_cycles: 0x29dbf8a2697, max_idle_ns: 440795304072 ns
[    1.136340] platform rtc_cmos: registered platform RTC device (no PNP device found)
[    1.142524] Scanning for low memory corruption every 60 seconds
[    1.150575] Initialise system trusted keyrings
[    1.154856] Key type blacklist registered
[    1.163434] workingset: timestamp_bits=36 max_order=18 bucket_order=0
[    1.173875] zbud: loaded
[    1.180119] squashfs: version 4.0 (2009/01/31) Phillip Lougher
[    1.192325] fuse init (API version 7.26)
[    1.197874] Key type asymmetric registered
[    1.202385] Asymmetric key parser 'x509' registered
[    1.208712] Block layer SCSI generic (bsg) driver version 0.4 loaded (major 246)
[    1.219290] io scheduler noop registered
[    1.225448] io scheduler deadline registered
[    1.230153] io scheduler cfq registered (default)
[    1.243209] ACPI: AC Adapter [AC] (on-line)
[    1.249273] input: Power Button as /devices/LNXSYSTM:00/LNXPWRBN:00/input/input0
[    1.258605] ACPI: Power Button [PWRF]
[    1.263562] input: Sleep Button as /devices/LNXSYSTM:00/LNXSLPBN:00/input/input1
[    1.270735] ACPI: Sleep Button [SLPF]
[    1.275752] Serial: 8250/16550 driver, 32 ports, IRQ sharing enabled
[    1.316055] 00:02: ttyS0 at I/O 0x3f8 (irq = 4, base_baud = 115200) is a 16550A
[    1.329019] Linux agpgart interface v0.103
[    1.334653] loop: module loaded
[    1.340703] scsi host0: ata_piix
[    1.345273] scsi host1: ata_piix
[    1.349119] ata1: PATA max UDMA/33 cmd 0x1f0 ctl 0x3f6 bmdma 0xd000 irq 14
[    1.355339] ata2: PATA max UDMA/33 cmd 0x170 ctl 0x376 bmdma 0xd008 irq 15
[    1.366158] tun: Universal TUN/TAP device driver, 1.6
[    1.378249] PPP generic driver version 2.4.2
[    1.381168] ehci_hcd: USB 2.0 'Enhanced' Host Controller (EHCI) Driver
[    1.390724] ehci-pci: EHCI PCI platform driver
[    1.396674] ehci-platform: EHCI generic platform driver
[    1.402401] ohci_hcd: USB 1.1 'Open' Host Controller (OHCI) Driver
[    1.407671] ohci-pci: OHCI PCI platform driver
[    1.411998] ohci-platform: OHCI generic platform driver
[    1.417396] uhci_hcd: USB Universal Host Controller Interface driver
[    1.422985] i8042: PNP: PS/2 Controller [PNP0303:PS2K,PNP0f03:PS2M] at 0x60,0x64 irq 1,12
[    1.432581] serio: i8042 KBD port at 0x60,0x64 irq 1
[    1.437645] serio: i8042 AUX port at 0x60,0x64 irq 12
[    1.442377] mousedev: PS/2 mouse device common for all mice
[    1.449592] input: AT Translated Set 2 keyboard as /devices/platform/i8042/serio0/input/input2
[    1.457875] rtc_cmos rtc_cmos: rtc core: registered rtc_cmos as rtc0
[    1.464033] rtc_cmos rtc_cmos: alarms up to one day, 114 bytes nvram
[    1.469846] i2c /dev entries driver
[    1.473564] device-mapper: uevent: version 1.0.3
[    1.477059] device-mapper: ioctl: 4.37.0-ioctl (2017-09-20) initialised: dm-devel@redhat.com
[    1.484779] ledtrig-cpu: registered to indicate activity on CPUs
[    1.490844] NET: Registered protocol family 10
[    1.498799] Segment Routing with IPv6
[    1.503629] NET: Registered protocol family 17
[    1.508056] Key type dns_resolver registered
[    1.512020] mce: Using 0 MCE banks
[    1.515272] RAS: Correctable Errors collector initialized.
[    1.520245] sched_clock: Marking stable (1520192504, 0)->(2291798891, -771606387)
[    1.578791] registered taskstats version 1
[    1.582856] Loading compiled-in X.509 certificates
[    1.590185] Loaded X.509 cert 'Build time autogenerated kernel key: b5b26778eaa3ab3a4a6cee031137706e947d12ad'
[    1.599909] Loaded X.509 cert 'Canonical Ltd. Live Patch Signing: 14df34d1a87cf37625abec039ef2bf521249b969'
[    1.609106] Loaded X.509 cert 'Canonical Ltd. Kernel Module Signing: 88f752e560a1e0737e31163a466ad7b70a850c19'
[    1.618710] blacklist: Loading compiled-in revocation X.509 certificates
[    1.625407] Loaded X.509 cert 'Canonical Ltd. Secure Boot Signing: 61482aa2830d0ab2ad5af10b7250da9033ddcef0'
[    1.634214] Loaded X.509 cert 'Canonical Ltd. Secure Boot Signing (2017): 242ade75ac4a15e50d50c84b0d45ff3eae707a03'
[    1.643520] Loaded X.509 cert 'Canonical Ltd. Secure Boot Signing (ESM 2018): 365188c1d374d6b07c3c8f240f8ef722433d6a8b'
[    1.652942] Loaded X.509 cert 'Canonical Ltd. Secure Boot Signing (2019): c0746fd6c5da3ae827864651ad66ae47fe24b3e8'
[    1.662158] Loaded X.509 cert 'Canonical Ltd. Secure Boot Signing (2021 v1): a8d54bbb3825cfb94fa13c9f8a594a195c107b8d'
[    1.672034] Loaded X.509 cert 'Canonical Ltd. Secure Boot Signing (2021 v2): 4cf046892d6fd3c9a5b03f98d845f90851dc6a8c'
[    1.681582] Loaded X.509 cert 'Canonical Ltd. Secure Boot Signing (2021 v3): 100437bb6de6e469b581e61cd66bce3ef4ed53af'
[    1.689309] Loaded X.509 cert 'Canonical Ltd. Secure Boot Signing (Ubuntu Core 2019): c1d57b8f6b743f23ee41f4f7ee292f06eecadfb9'
[    1.699605] zswap: loaded using pool lzo/zbud
[    1.708027] Key type big_key registered
[    1.711652] Key type trusted registered
[    1.717189] Key type encrypted registered
[    1.720923] AppArmor: AppArmor sha1 policy hashing enabled
[    1.725934] ima: No TPM chip found, activating TPM-bypass! (rc=-19)
[    1.733142] ima: Allocated hash algorithm: sha1
[    1.738135] evm: HMAC attrs: 0x1
[    1.741831]   Magic number: 5:542:724
[    1.746242] block loop4: hash matches
[    1.753379] rtc_cmos rtc_cmos: setting system clock to 2025-08-28 07:44:30 UTC (1756367070)
[    1.765698] BIOS EDD facility v0.16 2004-Jun-25, 0 devices found
[    1.771959] EDD information not available.
[    1.778783] Freeing unused kernel image memory: 2480K
[    1.788131] Write protecting the kernel read-only data: 20480k
[    1.794161] Freeing unused kernel image memory: 2008K
[    1.799910] Freeing unused kernel image memory: 1820K
[    1.815454] x86/mm: Checked W+X mappings: passed, no W+X pages found.
[    1.821454] x86/mm: Checking user space page tables
[    1.834464] x86/mm: Checked W+X mappings: passed, no W+X pages found.
Loading, please wait...
starting version 237
[    2.022716] e1000: Intel(R) PRO/1000 Network Driver - version 7.3.21-k8-NAPI
[    2.029142] e1000: Copyright (c) 1999-2006 Intel Corporation.
[    2.039215] Fusion MPT base driver 3.04.20
[    2.043068] Copyright (c) 1999-2008 LSI Corporation
[    2.073618] AVX2 version of gcm_enc/dec engaged.
[    2.078246] AES CTR mode by8 optimization enabled
[    2.124512] Fusion MPT SPI Host driver 3.04.20
[    2.277638] input: ImExPS/2 Generic Explorer Mouse as /devices/platform/i8042/serio1/input/input4
[    2.880091] e1000 0000:00:03.0 eth0: (PCI:33MHz:32-bit) 02:3b:7b:b7:3b:2d
[    2.886868] e1000 0000:00:03.0 eth0: Intel(R) PRO/1000 Network Connection
[    2.894935] mptbase: ioc0: Initiating bringup
[    3.005039] ioc0: LSI53C1030 A0: Capabilities={Initiator}
[    3.253101] scsi host2: ioc0: LSI53C1030 A0, FwRev=00000000h, Ports=1, MaxQ=256, IRQ=20
[    3.429096] scsi 2:0:0:0: Direct-Access     VBOX     HARDDISK         1.0  PQ: 0 ANSI: 5
[    3.441637] scsi target2:0:0: Beginning Domain Validation
[    3.448572] scsi target2:0:0: Domain Validation skipping write tests
[    3.456385] scsi target2:0:0: Ending Domain Validation
[    3.462892] scsi target2:0:0: asynchronous
[    3.467758] scsi 2:0:1:0: Direct-Access     VBOX     HARDDISK         1.0  PQ: 0 ANSI: 5
[    3.475115] scsi target2:0:1: Beginning Domain Validation
[    3.539578] scsi target2:0:1: Domain Validation skipping write tests
[    3.544529] scsi target2:0:1: Ending Domain Validation
[    3.563813] scsi target2:0:1: asynchronous
[    3.682407] sd 2:0:0:0: Attached scsi generic sg0 type 0
[    3.686836] sd 2:0:0:0: [sda] 83886080 512-byte logical blocks: (42.9 GB/40.0 GiB)
[    3.692784] sd 2:0:1:0: Attached scsi generic sg1 type 0
[    3.697972] sd 2:0:1:0: [sdb] 20480 512-byte logical blocks: (10.5 MB/10.0 MiB)
[    3.712841] sd 2:0:0:0: [sda] Write Protect is off
[    3.716721] sd 2:0:1:0: [sdb] Write Protect is off
[    3.721549] sd 2:0:0:0: [sda] Incomplete mode parameter data
[    3.726486] sd 2:0:0:0: [sda] Assuming drive cache: write through
[    3.751668] sd 2:0:1:0: [sdb] Incomplete mode parameter data
[    3.757261] sd 2:0:1:0: [sdb] Assuming drive cache: write through
[    3.778097]  sda: sda1
[    3.780830] sd 2:0:0:0: [sda] Attached SCSI disk
[    3.825563] sd 2:0:1:0: [sdb] Attached SCSI disk
[    4.165893] e1000 0000:00:08.0 eth1: (PCI:33MHz:32-bit) 08:00:27:66:c6:30
[    4.171545] e1000 0000:00:08.0 eth1: Intel(R) PRO/1000 Network Connection
[    4.179070] e1000 0000:00:08.0 enp0s8: renamed from eth1
[    4.551616] e1000 0000:00:03.0 enp0s3: renamed from eth0
Begin: Loading essential drivers ... [    7.558328] raid6: sse2x1   gen() 46125 MB/s
[    8.518622] raid6: sse2x1   xor() 163580 MB/s
[    9.583486] raid6: sse2x2   gen() 359748 MB/s
[    9.921676] raid6: sse2x2   xor() 50527 MB/s
[   10.662095] raid6: sse2x4   gen() 42482 MB/s
[   11.006141] raid6: sse2x4   xor() 69481 MB/s
[   11.728301] raid6: avx2x1   gen() 135529 MB/s
[   12.728484] raid6: avx2x1   xor() 66697 MB/s
[   13.733289] raid6: avx2x2   gen() 149848 MB/s
[   14.531306] raid6: avx2x2   xor() 311274 MB/s
[   15.573361] raid6: avx2x4   gen() 740775 MB/s
[   16.515425] raid6: avx2x4   xor() 425095 MB/s
[   16.519570] raid6: using algorithm avx2x4 gen() 740775 MB/s
[   16.524349] raid6: .... xor() 425095 MB/s, rmw enabled
[   16.528485] raid6: using avx2x2 recovery algorithm
[   16.534592] xor: automatically using best checksumming function   avx       
[   16.541844] async_tx: api initialized (async)
done.
Begin: Running /scripts/init-premount ... done.
Begin: Mounting root file system ... Begin: Running /scripts/local-top ... done.
Begin: Running /scripts/local-premount ... [   16.597979] Btrfs loaded, crc32c=crc32c-intel
Scanning for Btrfs filesystems
done.
Warning: fsck not present, so skipping root file system
[   16.644825] EXT4-fs (sda1): mounted filesystem with ordered data mode. Opts: (null)
done.
Begin: Running /scripts/local-bottom ... done.
Begin: Running /scripts/init-bottom ... done.
[   16.909334] ip_tables: (C) 2000-2006 Netfilter Core Team
[   16.926249] systemd[1]: systemd 237 running in system mode. (+PAM +AUDIT +SELINUX +IMA +APPARMOR +SMACK +SYSVINIT +UTMP +LIBCRYPTSETUP +GCRYPT +GNUTLS +ACL +XZ +LZ4 +SECCOMP +BLKID +ELFUTILS +KMOD -IDN2 +IDN -PCRE2 default-hierarchy=hybrid)
[   16.938437] systemd[1]: Detected virtualization oracle.
[   16.941863] systemd[1]: Detected architecture x86-64.

Welcome to [1mUbuntu 18.04.6 LTS[0m!

[   16.950149] systemd[1]: Set hostname to <ubuntu>.
[   16.957824] systemd[1]: Initializing machine ID from random generator.
[   16.961988] systemd[1]: Installed transient /etc/machine-id file.
[   17.401464] systemd[1]: Reached target Mounting snaps.
[[0;32m  OK  [0m] Reached target Mounting snaps.
[   17.409014] systemd[1]: Started Forward Password Requests to Wall Directory Watch.
[[0;32m  OK  [0m] Started Forward Password Requests to Wall Directory Watch.
[   17.420122] systemd[1]: Set up automount Arbitrary Executable File Formats File System Automount Point.
[[0;32m  OK  [0m] Set up automount Arbitrary Executab…rmats File System Automount Point.
[   17.432376] systemd[1]: Reached target User and Group Name Lookups.
[[0;32m  OK  [0m] Reached target User and Group Name Lookups.
[[0;32m  OK  [0m] Reached target Mounted snaps.
[[0;32m  OK  [0m] Created slice System Slice.
[[0;32m  OK  [0m] Listening on Device-mapper event daemon FIFOs.
[[0;32m  OK  [0m] Listening on LVM2 metadata daemon socket.
[[0;32m  OK  [0m] Listening on Journal Socket.
         Starting Monitoring of LVM2 mirrors…ng dmeventd or progress polling...
[[0;32m  OK  [0m] Listening on fsck to fsckd communication Socket.
         Starting Create list of required st…ce nodes for the current kernel...
         Starting Uncomplicated firewall...
[[0;32m  OK  [0m] Created slice system-serial\x2dgetty.slice.
[[0;32m  OK  [0m] Listening on Syslog Socket.
         Mounting POSIX Message Queue File System...
         Mounting Kernel Debug File System...
[[0;32m  OK  [0m] Listening on udev Kernel Socket.
         Mounting Huge Pages File System...
[[0;32m  OK  [0m] Reached target System Time Synchronized.
         Starting Load Kernel Modules...
[[0;32m  OK  [0m] Listening on Journal Socket (/dev/log).
[[0;32m  OK  [0m] Listening on Network Service Netlink Socket.
[[0;32m  OK  [0m] Listening on udev Control Socket.
         Starting udev Coldplug all Devices...
[[0;32m  OK  [0m] Reached target Swap.
[[0;32m  OK  [0m] Listening on /dev/initctl Compatibility Named Pipe.
         Starting File System Check on Root Device...
[[0;32m  OK  [0m] Listening on Journal Audit Socket.
[   17.553388] Loading iSCSI transport class v2.0-870.
         Starting Journal Service...
[[0;32m  OK  [0m] Listening on LVM2 poll daemon socket.
[[0;32m  OK  [0m] Created slice User and Session Slice.
[[0;32m  OK  [0m] Reached target Slices.
         Starting Set the console keyboard layout...
[[0;32m  OK  [0m] Started Create list of required sta…vice nodes for the current kernel.
[[0;32m  OK  [0m] Started Uncomplicated firewall.
[[0;32m  OK  [0m] Mounted POSIX Message Queue File System.
[[0;32m  OK  [0m] Mounted Kernel Debug File System.
[[0;32m  OK  [0m] Mounted Huge Pages File System.
[[0;32m  OK  [0m] Started File System Check Daemon to report status.
[[0;32m  OK  [0m] Started LVM2 metadata daemon.
         Starting Create Static Device Nodes in /dev...
[   17.634607] iscsi: registered transport (tcp)
[[0;32m  OK  [0m] Started udev Coldplug all Devices.
[[0;32m  OK  [0m] Started Journal Service.
[[0;32m  OK  [0m] Started Create Static Device Nodes in /dev.
[   17.743524] iscsi: registered transport (iser)
[[0;32m  OK  [0m] Started Load Kernel Modules.
         Mounting FUSE Control File System...
         Starting Apply Kernel Variables...
         Mounting Kernel Configuration File System...
[[0;32m  OK  [0m] Started Monitoring of LVM2 mirrors,…sing dmeventd or progress polling.
[[0;32m  OK  [0m] Started File System Check on Root Device.
[[0;32m  OK  [0m] Mounted FUSE Control File System.
[[0;32m  OK  [0m] Mounted Kernel Configuration File System.
         Starting Remount Root and Kernel File Systems...
[[0;32m  OK  [0m] Started Apply Kernel Variables.
[[0;32m  OK  [0m] Started Remount Root and Kernel File Systems.
         Starting Flush Journal to Persistent Storage...
         Starting Load/Save Random Seed...
         Starting udev Kernel Device Manager...
[[0;32m  OK  [0m] Started Load/Save Random Seed.
[[0;32m  OK  [0m] Started udev Kernel Device Manager.
[[0;32m  OK  [0m] Started Flush Journal to Persistent Storage.
[[0;32m  OK  [0m] Found device /dev/ttyS0.
[[0;32m  OK  [0m] Listening on Load/Save RF Kill Switch Status /dev/rfkill Watch.
[[0;32m  OK  [0m] Started Set the console keyboard layout.
[[0;32m  OK  [0m] Reached target Local File Systems (Pre).
[[0;32m  OK  [0m] Reached target Local File Systems.
         Starting Tell Plymouth To Write Out Runtime Data...
         Starting AppArmor initialization...
         Starting Commit a transient machine-id on disk...
         Starting ebtables ruleset management...
         Starting Create Volatile Files and Directories...
         Starting Set console font and keymap...
[[0;32m  OK  [0m] Started Dispatch Password Requests to Console Directory Watch.
[[0;32m  OK  [0m] Reached target Local Encrypted Volumes.
[[0;32m  OK  [0m] Started Tell Plymouth To Write Out Runtime Data.
[[0;32m  OK  [0m] Started Commit a transient machine-id on disk.
[[0;32m  OK  [0m] Started Create Volatile Files and Directories.
         Starting Update UTMP about System Boot/Shutdown...
[[0;32m  OK  [0m] Started Update UTMP about System Boot/Shutdown.
[[0;32m  OK  [0m] Started ebtables ruleset management.
         Mounting Arbitrary Executable File Formats File System...
[[0;32m  OK  [0m] Mounted Arbitrary Executable File Formats File System.
[[0;32m  OK  [0m] Started AppArmor initialization.
         Starting Initial cloud-init job (pre-networking)...
         Starting Load AppArmor profiles managed internally by snapd...
[[0;32m  OK  [0m] Started Load AppArmor profiles managed internally by snapd.
[[0;32m  OK  [0m] Started Set console font and keymap.
[   24.163746] cloud-init[759]: Cloud-init v. 23.1.2-0ubuntu0~18.04.1 running 'init-local' at Thu, 28 Aug 2025 07:44:52 +0000. Up 23.85 seconds.
[[0;32m  OK  [0m] Started Initial cloud-init job (pre-networking).
[[0;32m  OK  [0m] Reached target Network (Pre).
         Starting Network Service...
[[0;32m  OK  [0m] Started Network Service.
         Starting Wait for Network to be Configured...
         Starting Network Name Resolution...
[[0;32m  OK  [0m] Started Network Name Resolution.
[[0;32m  OK  [0m] Reached target Network.
[[0;32m  OK  [0m] Reached target Host and Network Name Lookups.
[[0;32m  OK  [0m] Started Wait for Network to be Configured.
         Starting Initial cloud-init job (metadata service crawler)...
[   26.178782] cloud-init[896]: Cloud-init v. 23.1.2-0ubuntu0~18.04.1 running 'init' at Thu, 28 Aug 2025 07:44:54 +0000. Up 26.08 seconds.
[   26.189812] cloud-init[896]: ci-info: ++++++++++++++++++++++++++++++++++++++Net device info+++++++++++++++++++++++++++++++++++++++
[   26.203173] cloud-init[896]: ci-info: +--------+-------+----------------------------+---------------+--------+-------------------+
[   26.217327] cloud-init[896]: ci-info: | Device |   Up  |          Address           |      Mask     | Scope  |     Hw-Address    |
[   26.228748] cloud-init[896]: ci-info: +--------+-------+----------------------------+---------------+--------+-------------------+
[   26.245440] cloud-init[896]: ci-info: | enp0s3 |  True |         10.0.2.15          | 255.255.255.0 | global | 02:3b:7b:b7:3b:2d |
[   26.256844] cloud-init[896]: ci-info: | enp0s3 |  True | fe80::3b:7bff:feb7:3b2d/64 |       .       |  link  | 02:3b:7b:b7:3b:2d |
[   26.270510] cloud-init[896]: ci-info: | enp0s8 | False |             .              |       .       |   .    | 08:00:27:66:c6:30 |
[   26.282231] cloud-init[896]: ci-info: |   lo   |  True |         127.0.0.1          |   255.0.0.0   |  host  |         .         |
[   26.299487] cloud-init[896]: ci-info: |   lo   |  True |          ::1/128           |       .       |  host  |         .         |
[   26.314923] cloud-init[896]: ci-info: +--------+-------+----------------------------+---------------+--------+-------------------+
[   26.325875] cloud-init[896]: ci-info: ++++++++++++++++++++++++++++Route IPv4 info+++++++++++++++++++++++++++++
[   26.333127] cloud-init[896]: ci-info: +-------+-------------+----------+-----------------+-----------+-------+
[   26.340201] cloud-init[896]: ci-info: | Route | Destination | Gateway  |     Genmask     | Interface | Flags |
[   26.348828] cloud-init[896]: ci-info: +-------+-------------+----------+-----------------+-----------+-------+
[   26.354940] cloud-init[896]: ci-info: |   0   |   0.0.0.0   | 10.0.2.2 |     0.0.0.0     |   enp0s3  |   UG  |
[   26.364280] cloud-init[896]: ci-info: |   1   |   10.0.2.0  | 0.0.0.0  |  255.255.255.0  |   enp0s3  |   U   |
[   26.376381] cloud-init[896]: ci-info: |   2   |   10.0.2.2  | 0.0.0.0  | 255.255.255.255 |   enp0s3  |   UH  |
[   26.387544] cloud-init[896]: ci-info: +-------+-------------+----------+-----------------+-----------+-------+
[   26.398111] cloud-init[896]: ci-info: +++++++++++++++++++Route IPv6 info+++++++++++++++++++
[   26.407280] cloud-init[896]: ci-info: +-------+-------------+---------+-----------+-------+
[   26.418087] cloud-init[896]: ci-info: | Route | Destination | Gateway | Interface | Flags |
[   26.425474] cloud-init[896]: ci-info: +-------+-------------+---------+-----------+-------+
[   26.433426] cloud-init[896]: ci-info: |   1   |  fe80::/64  |    ::   |   enp0s3  |   U   |
[   26.438720] cloud-init[896]: ci-info: |   3   |    local    |    ::   |   enp0s3  |   U   |
[   26.456668] cloud-init[896]: ci-info: |   4   |   ff00::/8  |    ::   |   enp0s3  |   U   |
[   26.461604] cloud-init[896]: ci-info: +-------+-------------+---------+-----------+-------+
[   27.394214] cloud-init[896]: Generating public/private rsa key pair.
[   27.396482] cloud-init[896]: Your identification has been saved in /etc/ssh/ssh_host_rsa_key.
[   27.431540] cloud-init[896]: Your public key has been saved in /etc/ssh/ssh_host_rsa_key.pub.
[   27.437211] cloud-init[896]: The key fingerprint is:
[   27.440829] cloud-init[896]: SHA256:T3wbk6JZIxWAnTvwhpz8gt5YLO8UvCxKgTKctm8Uk9Y root@ubuntu-bionic
[   27.444814] cloud-init[896]: The key's randomart image is:
[   27.447801] cloud-init[896]: +---[RSA 2048]----+
[   27.450594] cloud-init[896]: |       o.o.      |
[   27.454000] cloud-init[896]: |      o o  .     |
[   27.457360] cloud-init[896]: |    oo = ..      |
[   27.460366] cloud-init[896]: |...= E= =o   .   |
[   27.463392] cloud-init[896]: |++o ooooS.* =    |
[   27.475805] cloud-init[896]: |o..oo.+o.B + +   |
[   27.479217] cloud-init[896]: | .o..*+.o . .    |
[   27.482627] cloud-init[896]: | ..oooo          |
[   27.493416] cloud-init[896]: |  o. ..          |
[   27.496661] cloud-init[896]: +----[SHA256]-----+
[[0;32m  OK  [0m] Started Initial cloud-init job (metadata service crawler).[   27.504965] cloud-init[896]: Generating public/private dsa key pair.
[[0;32m  OK  [0m] Reached target System Initialization.
[   27.513362] cloud-init[896]: Your identification has been saved in /etc/ssh/ssh_host_dsa_key.
[[0;32m  OK  [0m] Started Ubuntu Advantage Timer for running repeated jobs.
[[0;32m  OK  [0m] Started Discard unused blocks once a week.
[   27.531244] cloud-init
[[0;32m  OK  [0m] Listening on ACPID Listen Socket.[896]: Your public key has been saved in /etc/ssh/ssh_host_dsa_key.pub.
[[0;32m  OK  [0m] Listening on D-Bus System Message Bus Socket.

[   27.550977] cloud-init[896]: The key fingerprint is:         Starting LXD - unix socket.
[[0;32m  OK  [0m] Listening on UUID daemon activation socket.
[   27.566370] cloud-init[896]: SHA256:EbLDIyOHI+VJL9a0vf7WZJ+PRjfZgBuFYqLXeGaOXM8 root@ubuntu-bionic
[[0;32m  OK  [0m] Started Message of the Day.
[[0;32m  OK  [0m] Started Daily apt download activities.
[[0;32m  OK  [0m] Started Daily apt upgrade and clean activities.
[[0;32m  OK  [0m] 
[   27.584919] cloud-init[896]: The key's randomart image is:
[   27.586516] cloud-init[896]: +---[DSA 1024]----+
[   27.586557] cloud-init[896]: |  o . . .    .   |
[   27.586586] cloud-init[896]: | + * + o..o . .  |
[   27.586615] cloud-init[896]: |. O B *..= . o   |
[   27.586644] cloud-init[896]: | o = o.+o.* o .  |
[   27.586672] cloud-init[896]: |      .oSB o o + |
[   27.586703] cloud-init[896]: |     .  o + E + .|
[   27.586731] cloud-init[896]: |      .  + o o . |
Listening on cloud-init hotplug hook socket.
         Starting Socket activation for snappy daemon.
[[0;32m  OK  [0m] Started Daily Cleanup of Temporary Directories.
[[0;32m  OK  [0m] Reached target Timers.
[[0;32m  OK  [0m] Listening on Open-iSCSI iscsid Socket.
[[0;32m  OK  [0m] Started ACPI Events Check.
[   27.628064] cloud-init[896]: |       .. . +.   |
[[0;32m  OK  [0m] Reached target Paths.
[   27.634905] cloud-init[[0;32m  OK  [0m] Reached target Cloud-config availability.
[[896]: |       ..  ....  |
[   27.642358] cloud-init[896]: [0;32m  OK  [0m] Reached target Network is Online.
+----[SHA256]-----+
[   27.649294] cloud-init[896]: Generating public/private ecdsa key pair.[[0;32m  OK  [0m] Reached target Remote File Systems (Pre).
[   27.657116] cloud-init[896]: Your identification has been saved in /etc/ssh/ssh_host_ecdsa_key.
[[0;32m  OK  [0m] Reached target Remote File Systems.

[   27.667367] cloud-init         Starting Availability of block devices...
[[0;32m  OK  [0m[896]: Your public key has been saved in /etc/ssh/ssh_host_ecdsa_key.pub.] Listening on LXD - unix socket.
[[0;32m  OK  [0m] Listening on Socket activation for snappy daemon.

[[0;32m  OK  [0m[   27.693090] cloud-init[896]: The key fingerprint is:
] Started Availability of block devices.
[[0;32m  OK  [0m] Reached target Sockets.
[[0;32m  OK  [0m[   27.705055] ] Reached target Basic System.
cloud-init[896]: SHA256:YX1dvgOSap/IpEUer02sHuNEs6Kd5/PIP/+koktctAo root@ubuntu-bionic         Starting Login Service...
[[0;32m  OK  [0m] Started FUSE filesystem for LXC.
         Starting System Logging Service...

         Starting LSB: automatic crash report generation...[   27.734015] 
         Starting LSB: Record successful boot for GRUB...
cloud-init[896]: The key's randomart image is:
[   27.754072] cloud-init[896]: +---[ECDSA 256]---+
[   27.766931] cloud-init[896]: |                .|
[   27.775785] cloud-init[896]: |         .  .. o |
[   27.787112] cloud-init[896]: |        oo.+... .|
[   27.814552] cloud-init[896]: |       .o.*.o . .|         Starting Dispatcher daemon for systemd-networkd...
         Starting Permit User Sessions...

         Starting Accounts Service...
[   27.841716] cloud-init[896]: |       ESO *   o |
[   27.850700] cloud-init[896]: |        X % .   .|
[   27.869009] cloud-init[896]: |       o & +   . |
[   27.875414] cloud-init[[0;32m  OK  [0m] Started irqbalance daemon.[896]: |      o Oo+o  o  |
[[0;32m  OK  [0m] Started Regular background program processing daemon.
[[0;32m  OK  [0m] Reached target Login Prompts (Pre).

[[0;32m  OK  [0m] Started Deferred execution scheduler.[   27.914338] 
         Starting Virtualbox guest utils...
cloud-init[896]:          Starting Snap Daemon...
[[0;32m  OK  [0m] Started D-Bus System Message Bus.
|     . ooO*o+o.. |
[   27.958972] cloud-init[896]: +----[SHA256]-----+
[   27.967122] cloud-init[896]: Generating public/private ed25519 key pair.
[   27.982556] cloud-init[896]: Your identification has been saved in /etc/ssh/ssh_host_ed25519_key.[[0;32m  OK  [0m] Started Login Service.
[[0;32m  OK  [0m] Started Unattended Upgrades Shutdown.
         Starting Pollinate to seed the pseudo random number generator...
[   28.055928] 
         Starting LXD - container startup/shutdown...cloud-init
[[896]: [0;32m  OK  [0m] Started System Logging Service.
Your public key has been saved in /etc/ssh/ssh_host_ed25519_key.pub.[[0;32m  OK  [0m] Started Permit User Sessions.

[   28.098599]          Starting Terminate Plymouth Boot Screen...
         Starting Hold until boot process finishes up...
[[0;32m  OK  [0m] Started Hold until boot process finishes up.
[[0;32m  OK  [0m] Started Serial Getty on ttyS0.
         Starting Set console scheme...
[[0;32m  OK  [0m] Started Terminate Plymouth Boot Screen.
cloud-init[896]: The key fingerprint is:
[   28.181005] cloud-init[896]: SHA256:224D5fHDBYv/bNKjGoSrgZNAM0APqRsE2o3eiwiRnU0 root@ubuntu-bionic
[   28.197479] cloud-init[896]: The key's randomart image is:
[   28.242796] cloud-init[896]: +--[ED25519 256]--+
[   28.250258] cloud-init[896]: |=o. E            |
[   28.257668] cloud-init[896]: |.Bo*        .    |
[   28.271551] cloud-init[896]: |* O.o      . o   |
[   28.286595] cloud-init[896]: |o+ +     .+ . .  |
[   28.301902] cloud-init[[0;32m  OK  [0m] Started LSB: automatic crash report generation.
[[0;32m  OK  [0m] Started Set console scheme.
[896]: |.oo .   So.= .   |[
[0;32m  OK  [0m] Created slice system-getty.slice.[   28.330846] 
[[0;32m  OK  [0m] Started Getty on tty1.
cloud-init[[0;32m  OK  [0m] Reached target Login Prompts.[896]: 
|o. o +  .=. =    |         Starting Authorization Manager...

[   28.363007] cloud-init[896]: |. . = . o.o  =   |
[   28.384918] cloud-init[896]: |     . o .o.. *  |
[   28.418691] cloud-init[896]: |      .  .oo.+ . |
[   28.430121] cloud-init[896]: +----[SHA256]-----+
[[0;32m  OK  [0m] Started LXD - container startup/shutdown.
[[0;32m  OK  [0m] Started LSB: Record successful boot for GRUB.
[[0;32m  OK  [0m] Started Virtualbox guest utils.
[[0;32m  OK  [0m] Started Authorization Manager.
[[0;32m  OK  [0m] Started Accounts Service.
[[0;32m  OK  [0m] Started Dispatcher daemon for systemd-networkd.
[[0;32m  OK  [0m] Started Snap Daemon.
         Starting Wait until snapd is fully seeded...
[[0;32m  OK  [0m] Started Pollinate to seed the pseudo random number generator.
         Starting OpenBSD Secure Shell server...
[[0;32m  OK  [0m] Started OpenBSD Secure Shell server.
         Starting Time & Date Service...
[[0;32m  OK  [0m] Started Time & Date Service.
[[0;32m  OK  [0m] Created slice User Slice of vagrant.
         Starting User Manager for UID 1000...
[[0;32m  OK  [0m] Started Session 1 of user vagrant.
[[0;32m  OK  [0m] Started User Manager for UID 1000.
[[0;32m  OK  [0m] Started Wait until snapd is fully seeded.
         Starting Apply the settings specified in cloud-config...
[   33.363403] cloud-init[1364]: Cloud-init v. 23.1.2-0ubuntu0~18.04.1 running 'modules:config' at Thu, 28 Aug 2025 07:45:01 +0000. Up 32.42 seconds.

Ubuntu 18.04.6 LTS ubuntu-bionic ttyS0

ubuntu-bionic login: ci-info: no authorized SSH keys fingerprints found for user ubuntu.
<14>Aug 28 07:45:03 cloud-init: #############################################################
<14>Aug 28 07:45:03 cloud-init: -----BEGIN SSH HOST KEY FINGERPRINTS-----
<14>Aug 28 07:45:03 cloud-init: 1024 SHA256:EbLDIyOHI+VJL9a0vf7WZJ+PRjfZgBuFYqLXeGaOXM8 root@ubuntu-bionic (DSA)
<14>Aug 28 07:45:03 cloud-init: 256 SHA256:YX1dvgOSap/IpEUer02sHuNEs6Kd5/PIP/+koktctAo root@ubuntu-bionic (ECDSA)
<14>Aug 28 07:45:03 cloud-init: 256 SHA256:224D5fHDBYv/bNKjGoSrgZNAM0APqRsE2o3eiwiRnU0 root@ubuntu-bionic (ED25519)
<14>Aug 28 07:45:03 cloud-init: 2048 SHA256:T3wbk6JZIxWAnTvwhpz8gt5YLO8UvCxKgTKctm8Uk9Y root@ubuntu-bionic (RSA)
<14>Aug 28 07:45:03 cloud-init: -----END SSH HOST KEY FINGERPRINTS-----
<14>Aug 28 07:45:03 cloud-init: #############################################################
-----BEGIN SSH HOST KEY KEYS-----
ecdsa-sha2-nistp256 AAAAE2VjZHNhLXNoYTItbmlzdHAyNTYAAAAIbmlzdHAyNTYAAABBBC0WW4x3e41HURt/RB6YQi3yqLqoErDwnIemCpkkyVSIW+j7F//3n4RbRFKNXDRRTSWANuFZ73nrgeTzD7g/kbM= root@ubuntu-bionic
ssh-ed25519 AAAAC3NzaC1lZDI1NTE5AAAAIB1IuqAN94iXiLNN0MeDww+Kv+FdUtDd231CGpNsg7YT root@ubuntu-bionic
ssh-rsa AAAAB3NzaC1yc2EAAAADAQABAAABAQC+3OMoCjq1wu0cctDq95cjX1SYF3DSkzWQchdje8pEF7xkLezlg7NzcGq2h0yeyvcEl1Z2BUKtdH9lqIhaLZnGYKwX1wDKYeC7x9ce81CB7LZvsEEh6qu+STEvwMhZd02aSATI+wp1xqXzm01qs5s9ao1VjtbFfmI0DN6Cxej0caP4hNkq4ieOw03sOY+BaGUrCxrIpRhIK3pz826Q4oCZUsrsH9ryllFYtiZcLXWDS0zOSqskE2kS+C/LvnvZu9QhoS3OzHDnGPfbpKnr6u/oFJzkYA2EAey7khfqTeWuHwhymT80iIahFknJGJ/EKNp5ipadDX/mo0+ccEIW5Wu1 root@ubuntu-bionic
-----END SSH HOST KEY KEYS-----
[   34.540904] cloud-init[1459]: Cloud-init v. 23.1.2-0ubuntu0~18.04.1 running 'modules:final' at Thu, 28 Aug 2025 07:45:02 +0000. Up 34.10 seconds.
[   34.600568] cloud-init[1459]: Cloud-init v. 23.1.2-0ubuntu0~18.04.1 finished at Thu, 28 Aug 2025 07:45:03 +0000. Datasource DataSourceNoCloud [seed=/dev/sdb][dsmode=net].  Up 34.52 seconds
